[debug] [2022-12-15T23:16:32.983Z] ----------------------------------------------------------------------
[debug] [2022-12-15T23:16:32.996Z] Command:       C:\Program Files\nodejs\node.exe C:\Users\herve_\AppData\Roaming\npm\node_modules\firebase-tools\lib\bin\firebase.js serve
[debug] [2022-12-15T23:16:33.000Z] CLI Version:   11.18.0
[debug] [2022-12-15T23:16:33.001Z] Platform:      win32
[debug] [2022-12-15T23:16:33.002Z] Node Version:  v16.15.0
[debug] [2022-12-15T23:16:33.007Z] Time:          Fri Dec 16 2022 01:16:33 GMT+0200 (Eastern European Standard Time)
[debug] [2022-12-15T23:16:33.009Z] ----------------------------------------------------------------------
[debug] 
[debug] [2022-12-15T23:16:33.735Z] > command requires scopes: ["email","openid","https://www.googleapis.com/auth/cloudplatformprojects.readonly","https://www.googleapis.com/auth/firebase","https://www.googleapis.com/auth/cloud-platform"]
[debug] [2022-12-15T23:16:33.738Z] > authorizing via signed-in user (princeelysee@gmail.com)
[debug] [2022-12-15T23:16:33.739Z] [iam] checking project ingabosyndicate for permissions ["firebase.projects.get"]
[debug] [2022-12-15T23:16:33.758Z] >>> [apiv2][query] POST https://cloudresourcemanager.googleapis.com/v1/projects/ingabosyndicate:testIamPermissions [none]
[debug] [2022-12-15T23:16:33.769Z] >>> [apiv2][(partial)header] POST https://cloudresourcemanager.googleapis.com/v1/projects/ingabosyndicate:testIamPermissions x-goog-quota-user=projects/ingabosyndicate
[debug] [2022-12-15T23:16:33.770Z] >>> [apiv2][body] POST https://cloudresourcemanager.googleapis.com/v1/projects/ingabosyndicate:testIamPermissions {"permissions":["firebase.projects.get"]}
[debug] [2022-12-15T23:16:35.531Z] <<< [apiv2][status] POST https://cloudresourcemanager.googleapis.com/v1/projects/ingabosyndicate:testIamPermissions 200
[debug] [2022-12-15T23:16:35.532Z] <<< [apiv2][body] POST https://cloudresourcemanager.googleapis.com/v1/projects/ingabosyndicate:testIamPermissions {"permissions":["firebase.projects.get"]}
[debug] [2022-12-15T23:16:35.537Z] >>> [apiv2][query] GET https://firebase.googleapis.com/v1beta1/projects/ingabosyndicate [none]
[debug] [2022-12-15T23:16:36.096Z] <<< [apiv2][status] GET https://firebase.googleapis.com/v1beta1/projects/ingabosyndicate 200
[debug] [2022-12-15T23:16:36.097Z] <<< [apiv2][body] GET https://firebase.googleapis.com/v1beta1/projects/ingabosyndicate {"projectId":"ingabosyndicate","projectNumber":"268231908942","displayName":"ingabo-syndicate","name":"projects/ingabosyndicate","resources":{"hostingSite":"ingabosyndicate"},"state":"ACTIVE","etag":"1_135664de-2e49-4cff-97dc-8dde5f220f80"}
[info] 
[info] === Serving from 'C:\Users\herve_\Videos\App\ingabosyndicate'...
[info] 
[debug] [2022-12-15T23:16:36.123Z] >>> [apiv2][query] GET https://firebasehosting.googleapis.com/v1beta1/projects/ingabosyndicate/sites 
[debug] [2022-12-15T23:16:38.070Z] <<< [apiv2][status] GET https://firebasehosting.googleapis.com/v1beta1/projects/ingabosyndicate/sites 200
[debug] [2022-12-15T23:16:38.071Z] <<< [apiv2][body] GET https://firebasehosting.googleapis.com/v1beta1/projects/ingabosyndicate/sites {"sites":[{"name":"projects/ingabosyndicate/sites/ingabosyndicate","defaultUrl":"https://ingabosyndicate.web.app","type":"DEFAULT_SITE"}]}
[debug] [2022-12-15T23:16:38.073Z] >>> [apiv2][query] GET https://firebase.googleapis.com/v1beta1/projects/ingabosyndicate/webApps/-/config [none]
[debug] [2022-12-15T23:16:38.897Z] <<< [apiv2][status] GET https://firebase.googleapis.com/v1beta1/projects/ingabosyndicate/webApps/-/config 200
[debug] [2022-12-15T23:16:38.897Z] <<< [apiv2][body] GET https://firebase.googleapis.com/v1beta1/projects/ingabosyndicate/webApps/-/config {"projectId":"ingabosyndicate","storageBucket":"ingabosyndicate.appspot.com","apiKey":"AIzaSyD2UWF_4sEfaqtIoEVY6E8GX7WIdAqZONg","authDomain":"ingabosyndicate.firebaseapp.com","messagingSenderId":"268231908942"}
[debug] [2022-12-15T23:16:39.002Z] >>> [apiv2][query] GET https://firebase.googleapis.com/v1beta1/projects/ingabosyndicate [none]
[debug] [2022-12-15T23:16:39.506Z] <<< [apiv2][status] GET https://firebase.googleapis.com/v1beta1/projects/ingabosyndicate 200
[debug] [2022-12-15T23:16:39.507Z] <<< [apiv2][body] GET https://firebase.googleapis.com/v1beta1/projects/ingabosyndicate {"projectId":"ingabosyndicate","projectNumber":"268231908942","displayName":"ingabo-syndicate","name":"projects/ingabosyndicate","resources":{"hostingSite":"ingabosyndicate"},"state":"ACTIVE","etag":"1_135664de-2e49-4cff-97dc-8dde5f220f80"}
[info] i  hosting[ingabosyndicate]: Serving hosting files from: build {"metadata":{"emulator":{"name":"hosting"},"message":"Serving hosting files from: \u001b[1mbuild\u001b[22m"}}
[info] +  hosting[ingabosyndicate]: Local server: http://localhost:5000 {"metadata":{"emulator":{"name":"hosting"},"message":"Local server: \u001b[4m\u001b[1mhttp://localhost:5000\u001b[22m\u001b[24m"}}
